Flow report for projeto
Fri Mar 29 17:11:02 2019
Quartus II 64-Bit Version 9.1 Build 350 03/24/2010 Service Pack 2 SJ Full Version


---------------------
; Table of Contents ;
---------------------
  1. Legal Notice
  2. Flow Summary
  3. Flow Settings
  4. Flow Non-Default Global Settings
  5. Flow Elapsed Time
  6. Flow OS Summary
  7. Flow Log



----------------
; Legal Notice ;
----------------
Copyright (C) 1991-2010 Altera Corporation
Your use of Altera Corporation's design tools, logic functions 
and other software and tools, and its AMPP partner logic 
functions, and any output files from any of the foregoing 
(including device programming or simulation files), and any 
associated documentation or information are expressly subject 
to the terms and conditions of the Altera Program License 
Subscription Agreement, Altera MegaCore Function License 
Agreement, or other applicable license agreement, including, 
without limitation, that your use is for the sole purpose of 
programming logic devices manufactured by Altera and sold by 
Altera or its authorized distributors.  Please refer to the 
applicable agreement for further details.



+------------------------------------------------------------------------------------+
; Flow Summary                                                                       ;
+------------------------------------+-----------------------------------------------+
; Flow Status                        ; Successful - Fri Mar 29 17:11:02 2019         ;
; Quartus II 64-Bit Version          ; 9.1 Build 350 03/24/2010 SP 2 SJ Full Version ;
; Revision Name                      ; projeto                                       ;
; Top-level Entity Name              ; projeto                                       ;
; Family                             ; Cyclone IV E                                  ;
; Device                             ; EP4CE115F29C7                                 ;
; Timing Models                      ; Preliminary                                   ;
; Met timing requirements            ; N/A                                           ;
; Total logic elements               ; 8 / 114,480 ( < 1 % )                         ;
;     Total combinational functions  ; 8 / 114,480 ( < 1 % )                         ;
;     Dedicated logic registers      ; 0 / 114,480 ( 0 % )                           ;
; Total registers                    ; 0                                             ;
; Total pins                         ; 16 / 529 ( 3 % )                              ;
; Total virtual pins                 ; 0                                             ;
; Total memory bits                  ; 0 / 3,981,312 ( 0 % )                         ;
; Embedded Multiplier 9-bit elements ; 0 / 532 ( 0 % )                               ;
; Total PLLs                         ; 0 / 4 ( 0 % )                                 ;
+------------------------------------+-----------------------------------------------+


+-----------------------------------------+
; Flow Settings                           ;
+-------------------+---------------------+
; Option            ; Setting             ;
+-------------------+---------------------+
; Start date & time ; 03/29/2019 17:10:39 ;
; Main task         ; Compilation         ;
; Revision Name     ; projeto             ;
+-------------------+---------------------+


+---------------------------------------------------------------------------------------------------------------------------------+
; Flow Non-Default Global Settings                                                                                                ;
+------------------------------------+---------------------------------------------+---------------+-------------+----------------+
; Assignment Name                    ; Value                                       ; Default Value ; Entity Name ; Section Id     ;
+------------------------------------+---------------------------------------------+---------------+-------------+----------------+
; COMPILER_SIGNATURE_ID              ; 13557689391997.155389023917272              ; --            ; --          ; --             ;
; MAX_CORE_JUNCTION_TEMP             ; 85                                          ; --            ; --          ; --             ;
; MIN_CORE_JUNCTION_TEMP             ; 0                                           ; --            ; --          ; --             ;
; MISC_FILE                          ; C:/Users/gss8/Documents/projeto/projeto.dpf ; --            ; --          ; --             ;
; NOMINAL_CORE_SUPPLY_VOLTAGE        ; 1.2V                                        ; --            ; --          ; --             ;
; PARTITION_COLOR                    ; 16764057                                    ; --            ; --          ; Top            ;
; PARTITION_NETLIST_TYPE             ; SOURCE                                      ; --            ; --          ; Top            ;
; USE_GENERATED_PHYSICAL_CONSTRAINTS ; Off                                         ; --            ; --          ; eda_blast_fpga ;
+------------------------------------+---------------------------------------------+---------------+-------------+----------------+


+-------------------------------------------------------------------------------------------------------------------------------+
; Flow Elapsed Time                                                                                                             ;
+---------------------------+--------------+-------------------------+---------------------+------------------------------------+
; Module Name               ; Elapsed Time ; Average Processors Used ; Peak Virtual Memory ; Total CPU Time (on all processors) ;
+---------------------------+--------------+-------------------------+---------------------+------------------------------------+
; Analysis & Synthesis      ; 00:00:02     ; 1.0                     ; 4454 MB             ; 00:00:02                           ;
; Fitter                    ; 00:00:14     ; 2.6                     ; 4745 MB             ; 00:00:21                           ;
; Assembler                 ; 00:00:06     ; 1.0                     ; 4667 MB             ; 00:00:05                           ;
; TimeQuest Timing Analyzer ; 00:00:04     ; 1.0                     ; 4575 MB             ; 00:00:03                           ;
; Total                     ; 00:00:22     ; --                      ; --                  ; 00:00:28                           ;
+---------------------------+--------------+-------------------------+---------------------+------------------------------------+


+--------------------------------------------------------------------------------------------+
; Flow OS Summary                                                                            ;
+---------------------------+------------------+---------------+------------+----------------+
; Module Name               ; Machine Hostname ; OS Name       ; OS Version ; Processor type ;
+---------------------------+------------------+---------------+------------+----------------+
; Analysis & Synthesis      ; hwc01            ; Windows Vista ; 6.2        ; x86_64         ;
; Fitter                    ; hwc01            ; Windows Vista ; 6.2        ; x86_64         ;
; TimeQuest Timing Analyzer ; hwc01            ; Windows Vista ; 6.2        ; x86_64         ;
; Assembler                 ; hwc01            ; Windows Vista ; 6.2        ; x86_64         ;
+---------------------------+------------------+---------------+------------+----------------+


------------
; Flow Log ;
------------
quartus_map --read_settings_files=on --write_settings_files=off projeto -c projeto
quartus_fit --read_settings_files=off --write_settings_files=off projeto -c projeto
quartus_sta projeto -c projeto
quartus_asm --read_settings_files=off --write_settings_files=off projeto -c projeto



